{"logTime": "0409/014234", "correlationVector":"JJYJ5w4G4CUNfooSv3av/J.1","action":"SyncServerConnectionManagerRequest", "result":"SYNC_SERVER_OK", "context":{"environment":"Prod_brazilsouth_prod-s01-001-sam-brazilsouth", "migrationStage":"NotStarted", "server":"akswtt00300000s"}}
{"logTime": "0409/014234", "correlationVector":"JJYJ5w4G4CUNfooSv3av/J.2","action":"ProcessGetUpdates", "result":"Done", "context":{"dataType":"Encryption Keys", "deleted":"0", "process_failed_to_decrypt":"0", "process_pending_decryption":"0", "process_success":"1", "total":"1"}}
{"logTime": "0409/014235", "correlationVector":"daDYtvKYq52oXHJOH3Zc2o","action":"SyncServerConnectionManagerRequest", "result":"SYNC_SERVER_OK", "context":{"environment":"", "migrationStage":"", "server":""}}
{"logTime": "0409/014235", "correlationVector":"daDYtvKYq52oXHJOH3Zc2o.0","action":"EncryptionKeysFetcher.DownloadKeys:", "result":"Success", "context":Key count: 9, Last key timestamp: 2025-12-13T00:58:22Z}
{"logTime": "0409/014235", "correlationVector":"daDYtvKYq52oXHJOH3Zc2o.1","action":"EncryptionKeysManager::SetEncryptionKeys:", "result":"Success", "context":Key names[9]:[+cAJtImSawJhY3qazZ/DO6GVoZiUxS8TwLtWbD3Leit8Ud010l+0aEIcYj4Yr2YWv3ljSgihIU+iPPu39S1oLg==][z5WjFkBhddJfyOBPeVyAvswiPV//TIMdlEzg3ajOzSvlLXeR8vH1Qs4s5cXmaa0edAOBXci4SOqogA4E0Rsv8A==][zx20M9zD+4mtvTBB1AP5REoDdOqFZO7B8O5YY+2S78xjVXZ94T6PwcOULjisCX14h114bKC3TZYrL/PrgTLrYw==][uVRbhYk9RmHp45n6GbVerhdwjF9JlelYG3hcBAucB1e097+M0q1cDTaMQv3R7z/KO3wWvsLCeNXkPNz1COrAqQ==][9IMprkHNNpE+T1l79fkywU5XiuuDsQsZn8XNTikQVS9ehJl2wMcgvJQqxvI5FpF60DVg5NZcP2+EXpzn3CQs2w==][aPw7UPQkiCjuabr/YEXHt0jMBuYsvhcnMhXjCoAXuEIoQ/1dQFDwwMvb550zhg4oFeE/AdV+cSF9HhX+QQSTPg==][w3xY6WK3GouWOG8OwmTVdC0EKaodVxpvVCKOTHaISqxhHL68ZXwmoZ79rCNm9eaqjSaf3T8vgR+UKMGzs/87vQ==][nO5R6v7MnPsQPUe4WV4JvbxCLuZlfLJQx6Bg9BZMPi+qE70TysxQ43VlUkgdKyVZQiba3QCHOqTk8bRxduTN8Q==][cRyh1mMHMUaKg8wWPuqRLwBWOEIm6i7w7W9XkUBuRbd4Qe7okXMEv8luV64W9C1ig7IxTQy1I9V4DxaTpkFHTg==]}
{"logTime": "0409/014235", "correlationVector":"daDYtvKYq52oXHJOH3Zc2o.2","action":"EncryptionKeysManager::SetEncryptionKeysWithTimestamps:", "result":"Success", "context":Key timestamps[9]:[2021-06-06T21:45:25Z][2021-12-13T02:09:18Z][2022-06-14T17:49:26Z][2023-02-21T23:29:33Z][2023-10-14T02:04:31Z][2024-04-12T01:22:56Z][2024-10-22T13:01:25Z][2025-05-03T01:27:42Z][2025-12-13T00:58:22Z]}
{"logTime": "0409/014235", "correlationVector":"JJYJ5w4G4CUNfooSv3av/J","action":"Initial GetUpdates", "result":"", "context":Reason: NEW_CLIENT. cV=JJYJ5w4G4CUNfooSv3av/J}
{"logTime": "0409/014235", "correlationVector":"JJYJ5w4G4CUNfooSv3av/J.3","action":"GetUpdates Response", "result":"Success", "context":Received 1 update(s). cV=JJYJ5w4G4CUNfooSv3av/J.0;server=akswtt00300000s;cloudType=Consumer;environment=Prod_brazilsouth_prod-s01-001-sam-brazilsouth;migrationStage=NotStarted}
{"logTime": "0409/014235", "correlationVector":"DkNiqoW93M5x0KUD7btSoa","action":"Initial GetUpdates", "result":"", "context":Reason: NEWLY_SUPPORTED_DATATYPE. cV=DkNiqoW93M5x0KUD7btSoa}
{"logTime": "0409/014235", "correlationVector":"DkNiqoW93M5x0KUD7btSoa.1","action":"SyncServerConnectionManagerRequest", "result":"SYNC_SERVER_OK", "context":{"environment":"Prod_brazilsouth_prod-s01-001-sam-brazilsouth", "migrationStage":"NotStarted", "server":"akswtt003000005"}}
{"logTime": "0409/014235", "correlationVector":"DkNiqoW93M5x0KUD7btSoa.2","action":"ProcessGetUpdates", "result":"Done", "context":{"dataType":"Preferences", "deleted":"0", "process_failed_to_decrypt":"0", "process_pending_decryption":"0", "process_success":"65", "total":"65"}}
{"logTime": "0409/014235", "correlationVector":"DkNiqoW93M5x0KUD7btSoa.3","action":"ProcessGetUpdates", "result":"Done", "context":{"dataType":"Passwords", "deleted":"0", "process_failed_to_decrypt":"0", "process_pending_decryption":"0", "process_success":"1", "total":"1"}}
{"logTime": "0409/014235", "correlationVector":"DkNiqoW93M5x0KUD7btSoa.4","action":"ProcessGetUpdates", "result":"Done", "context":{"dataType":"Device Info", "deleted":"0", "process_failed_to_decrypt":"0", "process_pending_decryption":"0", "process_success":"16", "total":"16"}}
{"logTime": "0409/014235", "correlationVector":"DkNiqoW93M5x0KUD7btSoa.5","action":"GetUpdates Response", "result":"Success", "context":Received 82 update(s). cV=DkNiqoW93M5x0KUD7btSoa.0;server=akswtt003000005;cloudType=Consumer;environment=Prod_brazilsouth_prod-s01-001-sam-brazilsouth;migrationStage=NotStarted}
{"logTime": "0409/014235", "correlationVector":"2Kp7kqm5RYopfo8obJfZrh","action":"Initial GetUpdates", "result":"", "context":Reason: NEWLY_SUPPORTED_DATATYPE. cV=2Kp7kqm5RYopfo8obJfZrh}
{"logTime": "0409/014235", "correlationVector":"2Kp7kqm5RYopfo8obJfZrh.1","action":"SyncServerConnectionManagerRequest", "result":"SYNC_SERVER_OK", "context":{"environment":"Prod_brazilsouth_prod-s01-001-sam-brazilsouth", "migrationStage":"NotStarted", "server":"akswtt00300000x"}}
{"logTime": "0409/014235", "correlationVector":"2Kp7kqm5RYopfo8obJfZrh.2","action":"ProcessGetUpdates", "result":"Done", "context":{"dataType":"Bookmarks", "deleted":"0", "process_failed_to_decrypt":"0", "process_pending_decryption":"0", "process_success":"9", "total":"9"}}
{"logTime": "0409/014235", "correlationVector":"2Kp7kqm5RYopfo8obJfZrh.3","action":"GetUpdates Response", "result":"Success", "context":Received 9 update(s). cV=2Kp7kqm5RYopfo8obJfZrh.0;server=akswtt00300000x;cloudType=Consumer;environment=Prod_brazilsouth_prod-s01-001-sam-brazilsouth;migrationStage=NotStarted}
{"logTime": "0409/014235", "correlationVector":"KlgxW6G31brmaGqFTZQAGy","action":"Initial GetUpdates", "result":"", "context":Reason: NEWLY_SUPPORTED_DATATYPE. cV=KlgxW6G31brmaGqFTZQAGy}
{"logTime": "0409/014236", "correlationVector":"KlgxW6G31brmaGqFTZQAGy.1","action":"SyncServerConnectionManagerRequest", "result":"SYNC_SERVER_OK", "context":{"environment":"Prod_brazilsouth_prod-s01-001-sam-brazilsouth", "migrationStage":"NotStarted", "server":"akswtt003000008"}}
{"logTime": "0409/014236", "correlationVector":"KlgxW6G31brmaGqFTZQAGy.2","action":"ProcessGetUpdates", "result":"Done", "context":{"dataType":"Autofill", "deleted":"0", "process_failed_to_decrypt":"0", "process_pending_decryption":"0", "process_success":"3", "total":"3"}}
{"logTime": "0409/014236", "correlationVector":"KlgxW6G31brmaGqFTZQAGy.3","action":"ProcessGetUpdates", "result":"Done", "context":{"dataType":"Sessions", "deleted":"0", "process_failed_to_decrypt":"0", "process_pending_decryption":"0", "process_success":"6", "total":"6"}}
{"logTime": "0409/014236", "correlationVector":"KlgxW6G31brmaGqFTZQAGy.4","action":"GetUpdates Response", "result":"Success", "context":Received 9 update(s). cV=KlgxW6G31brmaGqFTZQAGy.0;server=akswtt003000008;cloudType=Consumer;environment=Prod_brazilsouth_prod-s01-001-sam-brazilsouth;migrationStage=NotStarted}
{"logTime": "0409/014236", "correlationVector":"Z6/Im91asoYeiVzKkuZ5e9","action":"Initial GetUpdates", "result":"", "context":Reason: NEWLY_SUPPORTED_DATATYPE. cV=Z6/Im91asoYeiVzKkuZ5e9}
{"logTime": "0409/014236", "correlationVector":"Z6/Im91asoYeiVzKkuZ5e9.1","action":"SyncServerConnectionManagerRequest", "result":"SYNC_SERVER_OK", "context":{"environment":"Prod_brazilsouth_prod-s01-001-sam-brazilsouth", "migrationStage":"NotStarted", "server":"akswtt00300000q"}}
{"logTime": "0409/014236", "correlationVector":"Z6/Im91asoYeiVzKkuZ5e9.2","action":"ProcessGetUpdates", "result":"Done", "context":{"dataType":"History", "deleted":"0", "process_failed_to_decrypt":"0", "process_pending_decryption":"0", "process_success":"3", "total":"3"}}
{"logTime": "0409/014236", "correlationVector":"Z6/Im91asoYeiVzKkuZ5e9.3","action":"GetUpdates Response", "result":"Success", "context":Received 3 update(s). cV=Z6/Im91asoYeiVzKkuZ5e9.0;server=akswtt00300000q;cloudType=Consumer;environment=Prod_brazilsouth_prod-s01-001-sam-brazilsouth;migrationStage=NotStarted}
{"logTime": "0409/014236", "correlationVector":"Zjgr++ei0AU1/nBl6iI69x","action":"Normal GetUpdate request", "result":"", "context":cV=Zjgr++ei0AU1/nBl6iI69x
Nudged types: Preferences, Passwords, Sessions, Device Info, User Consents
Refresh requested types: Bookmarks, Preferences, Passwords, Autofill Profiles, Autofill, Extensions, Sessions, Extension settings, History Delete Directives, Device Info, User Consents, Send Tab To Self, Web Apps, History, Saved Tab Group, WebAuthn Credentials, Collection, Edge E Drop, Edge Hub App Usage, Edge Wallet, Edge Workspace, Encryption Keys}
{"logTime": "0409/014236", "correlationVector":"Zjgr++ei0AU1/nBl6iI69x.1","action":"SyncServerConnectionManagerRequest", "result":"SYNC_SERVER_OK", "context":{"environment":"Prod_brazilsouth_prod-s01-001-sam-brazilsouth", "migrationStage":"NotStarted", "server":"akswtt00300000q"}}
{"logTime": "0409/014236", "correlationVector":"Zjgr++ei0AU1/nBl6iI69x.2","action":"GetUpdates Response", "result":"Success", "context":Received 0 update(s). cV=Zjgr++ei0AU1/nBl6iI69x.0;server=akswtt00300000q;cloudType=Consumer;environment=Prod_brazilsouth_prod-s01-001-sam-brazilsouth;migrationStage=NotStarted}
{"logTime": "0409/014236", "correlationVector":"7lGdPf0r1osPUBhBYPTS0z","action":"Commit Request", "result":"", "context":Item count: 6
Contributing types: Preferences, Passwords, Sessions, Device Info, User Consents}
{"logTime": "0409/014238", "correlationVector":"7lGdPf0r1osPUBhBYPTS0z.1","action":"SyncServerConnectionManagerRequest", "result":"SYNC_SERVER_OK", "context":{"environment":"Prod_brazilsouth_prod-s01-001-sam-brazilsouth", "migrationStage":"NotStarted", "server":"akswtt00300000x"}}
{"logTime": "0409/014238", "correlationVector":"7lGdPf0r1osPUBhBYPTS0z.2","action":"Commit Response", "result":"Success", "context":Result: Success. cV=7lGdPf0r1osPUBhBYPTS0z.0;server=akswtt00300000x;cloudType=Consumer;environment=Prod_brazilsouth_prod-s01-001-sam-brazilsouth;migrationStage=NotStarted}
{"logTime": "0409/014238", "correlationVector":"i2/KWbIg0m+X3bH6kOh4QZ","action":"Commit Request", "result":"", "context":Item count: 1
Contributing types: User Consents}
{"logTime": "0409/014238", "correlationVector":"i2/KWbIg0m+X3bH6kOh4QZ.1","action":"SyncServerConnectionManagerRequest", "result":"SYNC_SERVER_OK", "context":{"environment":"Prod_brazilsouth_prod-s01-001-sam-brazilsouth", "migrationStage":"NotStarted", "server":"akswtt003000005"}}
{"logTime": "0409/014238", "correlationVector":"i2/KWbIg0m+X3bH6kOh4QZ.2","action":"Commit Response", "result":"Success", "context":Result: Success. cV=i2/KWbIg0m+X3bH6kOh4QZ.0;server=akswtt003000005;cloudType=Consumer;environment=Prod_brazilsouth_prod-s01-001-sam-brazilsouth;migrationStage=NotStarted}
{"logTime": "0409/014332", "correlationVector":"hdbSvqmU+T1jz/CXPm2f3i","action":"Commit Request", "result":"", "context":Item count: 3
Contributing types: Passwords, Sessions, History}
{"logTime": "0409/014332", "correlationVector":"hdbSvqmU+T1jz/CXPm2f3i.1","action":"SyncServerConnectionManagerRequest", "result":"SYNC_SERVER_OK", "context":{"environment":"Prod_brazilsouth_prod-s01-001-sam-brazilsouth", "migrationStage":"NotStarted", "server":"akswtt00300000u"}}
{"logTime": "0409/014332", "correlationVector":"hdbSvqmU+T1jz/CXPm2f3i.2","action":"Commit Response", "result":"Success", "context":Result: Success. cV=hdbSvqmU+T1jz/CXPm2f3i.0;server=akswtt00300000u;cloudType=Consumer;environment=Prod_brazilsouth_prod-s01-001-sam-brazilsouth;migrationStage=NotStarted}
